0 info it worked if it ends with ok
1 verbose cli [ 'C:\\laragon\\bin\\nodejs\\node-v6.11.3-x64\\node.exe',
1 verbose cli   'C:\\laragon\\bin\\nodejs\\node-v6.11.3-x64\\node_modules\\npm\\bin\\npm-cli.js',
1 verbose cli   'start' ]
2 info using npm@3.10.10
3 info using node@v6.11.3
4 verbose run-script [ 'prestart', 'start', 'poststart' ]
5 info lifecycle authenticationIntro@1.0.0~prestart: authenticationIntro@1.0.0
6 silly lifecycle authenticationIntro@1.0.0~prestart: no script for prestart, continuing
7 info lifecycle authenticationIntro@1.0.0~start: authenticationIntro@1.0.0
8 verbose lifecycle authenticationIntro@1.0.0~start: unsafe-perm in lifecycle true
9 verbose lifecycle authenticationIntro@1.0.0~start: PATH: C:\laragon\bin\nodejs\node-v6.11.3-x64\node_modules\npm\bin\node-gyp-bin;D:\NODE-EXPRESS\SHOW\node_modules\.bin;C:\Users\yitsol\AppData\Local\Yarn\config\global\node_modules\.bin;C:\Users\yitsol\AppData\Roaming\npm;C:\Users\yitsol\AppData\Roaming\Composer\vendor\bin;;C:\laragon\bin\laragon\utils;C:\laragon\bin\nodejs\node-v6.11.3-x64;C:\laragon\bin\mongodb\mongodb-win32-x64-ssl-3.4.2\bin;C:\laragon\bin\yarn\bin;C:\laragon\bin\notepad++;C:\laragon\bin\telnet;C:\laragon\bin\git\bin;C:\laragon\bin\git\cmd;C:\laragon\bin\git\usr\bin;C:\laragon\bin\git\mingw64\bin;C:\laragon\bin;C:\laragon\usr\bin;C:\laragon\bin\cmder\bin;C:\laragon\bin\cmder\vendor\conemu-maximus5\ConEmu\Scripts;C:\Users\yitsol\AppData\Local\Yarn\config\global\node_modules\.bin;C:\Users\yitsol\AppData\Roaming\npm;C:\Users\yitsol\AppData\Roaming\Composer\vendor\bin;;C:\laragon\bin\laragon\utils;C:\laragon\bin\nodejs\node-v6.11.3-x64;C:\laragon\bin\mongodb\mongodb-win32-x64-ssl-3.4.2\bin;C:\laragon\bin\yarn\bin;C:\laragon\bin\notepad++;C:\laragon\bin\telnet;C:\laragon\bin\git\bin;C:\laragon\bin\git\cmd;C:\laragon\bin\git\usr\bin;C:\laragon\bin\git\mingw64\bin;C:\laragon\bin;C:\laragon\usr\bin;C:\laragon\bin\cmder\bin;C:\laragon\bin\cmder\vendor\conemu-maximus5\ConEmu\Scripts;C:\laragon\bin\cmder\vendor\conemu-maximus5;C:\laragon\bin\cmder\vendor\conemu-maximus5\ConEmu;C:\ProgramData\Oracle\Java\javapath;C:\oraclexe\app\oracle\product\11.2.0\server\bin;C:\Windows\system32;C:\Windows;C:\Windows\System32\Wbem;C:\Windows\System32\WindowsPowerShell\v1.0\;C:\Program Files (x86)\Skype\Phone;C:\Java\jdk1.8.0_144;C:\Program Files\nodejs\;C:\Program Files\Git\cmd;C:\Program Files (x86)\GtkSharp\2.12\bin;C:\Program Files (x86)\Skype\Phone\;C:\Program Files\nodejs;C:\Program Files\MongoDB\Server\3.4\bin;C:\Users\yitsol\AppData\Roaming\npm;C:\Program Files\Microsoft VS Code\bin;C:\Program Files\Git\usr\bin;C:\Program Files\Git\usr\share\vim\vim74;C:\laragon\bin\cmder\;;C:\laragon\bin\cmder\..\git\usr\bin;C:\laragon\bin\cmder\..\git\usr\share\vim\vim74;C:\laragon\bin\cmder\;
10 verbose lifecycle authenticationIntro@1.0.0~start: CWD: D:\NODE-EXPRESS\SHOW
11 silly lifecycle authenticationIntro@1.0.0~start: Args: [ '/d /s /c', 'node app' ]
12 silly lifecycle authenticationIntro@1.0.0~start: Returned: code: 3221225786  signal: null
13 info lifecycle authenticationIntro@1.0.0~start: Failed to exec start script
14 verbose stack Error: authenticationIntro@1.0.0 start: `node app`
14 verbose stack Exit status 3221225786
14 verbose stack     at EventEmitter.<anonymous> (C:\laragon\bin\nodejs\node-v6.11.3-x64\node_modules\npm\lib\utils\lifecycle.js:255:16)
14 verbose stack     at emitTwo (events.js:106:13)
14 verbose stack     at EventEmitter.emit (events.js:191:7)
14 verbose stack     at ChildProcess.<anonymous> (C:\laragon\bin\nodejs\node-v6.11.3-x64\node_modules\npm\lib\utils\spawn.js:40:14)
14 verbose stack     at emitTwo (events.js:106:13)
14 verbose stack     at ChildProcess.emit (events.js:191:7)
14 verbose stack     at maybeClose (internal/child_process.js:920:16)
14 verbose stack     at Process.ChildProcess._handle.onexit (internal/child_process.js:230:5)
15 verbose pkgid authenticationIntro@1.0.0
16 verbose cwd D:\NODE-EXPRESS\SHOW
17 error Windows_NT 6.1.7601
18 error argv "C:\\laragon\\bin\\nodejs\\node-v6.11.3-x64\\node.exe" "C:\\laragon\\bin\\nodejs\\node-v6.11.3-x64\\node_modules\\npm\\bin\\npm-cli.js" "start"
19 error node v6.11.3
20 error npm  v3.10.10
21 error code ELIFECYCLE
22 error authenticationIntro@1.0.0 start: `node app`
22 error Exit status 3221225786
23 error Failed at the authenticationIntro@1.0.0 start script 'node app'.
23 error Make sure you have the latest version of node.js and npm installed.
23 error If you do, this is most likely a problem with the authenticationIntro package,
23 error not with npm itself.
23 error Tell the author that this fails on your system:
23 error     node app
23 error You can get information on how to open an issue for this project with:
23 error     npm bugs authenticationIntro
23 error Or if that isn't available, you can get their info via:
23 error     npm owner ls authenticationIntro
23 error There is likely additional logging output above.
24 verbose exit [ 1, true ]
